<?xml version="1.0" encoding="UTF-8"?>
<testng-results skipped="0" failed="0" total="1" passed="1">
  <reporter-output>
  </reporter-output>
  <suite name="Default suite" duration-ms="17544" started-at="2022-04-12T09:26:17Z" finished-at="2022-04-12T09:26:35Z">
    <groups>
    </groups>
    <test name="Default test" duration-ms="17544" started-at="2022-04-12T09:26:17Z" finished-at="2022-04-12T09:26:35Z">
      <class name="POMinSelenium.VerifyLogin">
        <test-method status="PASS" signature="TestUser()[pri:0, instance:POMinSelenium.VerifyLogin@2d6a9952]" name="TestUser" duration-ms="17529" started-at="2022-04-12T14:56:17Z" finished-at="2022-04-12T14:56:35Z">
          <reporter-output>
          </reporter-output>
        </test-method> <!-- TestUser -->
      </class> <!-- POMinSelenium.VerifyLogin -->
    </test> <!-- Default test -->
  </suite> <!-- Default suite -->
</testng-results>
